# JRE version: Java(TM) SE Runtime Environment (7.0_72-b14) (build 1.7.0_72-b14)
# Java VM: Java HotSpot(TM) Client VM (24.72-b04 mixed mode windows-x86 )
Heap
 par new generation   total 118016K, used 110833K [0x02c00000, 0x0ac00000, 0x0ac00000)
  eden space 104960K,  93% used [0x02c00000, 0x08b7c4f8, 0x09280000)
  from space 13056K, 100% used [0x09280000, 0x09f40000, 0x09f40000)
  to   space 13056K,   0% used [0x09f40000, 0x09f40000, 0x0ac00000)
 concurrent mark-sweep generation total 917504K, used 103503K [0x0ac00000, 0x42c00000, 0x42c00000)
 concurrent-mark-sweep perm gen total 37060K, used 22367K [0x42c00000, 0x45031000, 0x46c00000)
GC Heap History (10 events):
Event: 121.598 GC heap before
{Heap before GC invocations=30 (full 14):
 par new generation   total 118016K, used 113091K [0x02c00000, 0x0ac00000, 0x0ac00000)
  eden space 104960K, 100% used [0x02c00000, 0x09280000, 0x09280000)
  from space 13056K,  62% used [0x09f40000, 0x0a730ef0, 0x0ac00000)
  to   space 13056K,   0% used [0x09280000, 0x09280000, 0x09f40000)
 concurrent mark-sweep generation total 917504K, used 90940K [0x0ac00000, 0x42c00000, 0x42c00000)
 concurrent-mark-sweep perm gen total 37060K, used 22354K [0x42c00000, 0x45031000, 0x46c00000)
Event: 121.608 GC heap after
Heap after GC invocations=31 (full 14):
 par new generation   total 118016K, used 11033K [0x02c00000, 0x0ac00000, 0x0ac00000)
  eden space 104960K,   0% used [0x02c00000, 0x02c00000, 0x09280000)
  from space 13056K,  84% used [0x09280000, 0x09d46608, 0x09f40000)
  to   space 13056K,   0% used [0x09f40000, 0x09f40000, 0x0ac00000)
 concurrent mark-sweep generation total 917504K, used 91613K [0x0ac00000, 0x42c00000, 0x42c00000)
 concurrent-mark-sweep perm gen total 37060K, used 22354K [0x42c00000, 0x45031000, 0x46c00000)
}
Event: 126.302 GC heap before
{Heap before GC invocations=31 (full 14):
 par new generation   total 118016K, used 115993K [0x02c00000, 0x0ac00000, 0x0ac00000)
  eden space 104960K, 100% used [0x02c00000, 0x09280000, 0x09280000)
  from space 13056K,  84% used [0x09280000, 0x09d46608, 0x09f40000)
  to   space 13056K,   0% used [0x09f40000, 0x09f40000, 0x0ac00000)
 concurrent mark-sweep generation total 917504K, used 91613K [0x0ac00000, 0x42c00000, 0x42c00000)
 concurrent-mark-sweep perm gen total 37060K, used 22354K [0x42c00000, 0x45031000, 0x46c00000)
Event: 126.313 GC heap after
Heap after GC invocations=32 (full 14):
 par new generation   total 118016K, used 11914K [0x02c00000, 0x0ac00000, 0x0ac00000)
  eden space 104960K,   0% used [0x02c00000, 0x02c00000, 0x09280000)
  from space 13056K,  91% used [0x09f40000, 0x0aae2bf8, 0x0ac00000)
  to   space 13056K,   0% used [0x09280000, 0x09280000, 0x09f40000)
 concurrent mark-sweep generation total 917504K, used 93540K [0x0ac00000, 0x42c00000, 0x42c00000)
 concurrent-mark-sweep perm gen total 37060K, used 22354K [0x42c00000, 0x45031000, 0x46c00000)
}
Event: 129.929 GC heap before
{Heap before GC invocations=32 (full 14):
 par new generation   total 118016K, used 116874K [0x02c00000, 0x0ac00000, 0x0ac00000)
  eden space 104960K, 100% used [0x02c00000, 0x09280000, 0x09280000)
  from space 13056K,  91% used [0x09f40000, 0x0aae2bf8, 0x0ac00000)
  to   space 13056K,   0% used [0x09280000, 0x09280000, 0x09f40000)
 concurrent mark-sweep generation total 917504K, used 93540K [0x0ac00000, 0x42c00000, 0x42c00000)
 concurrent-mark-sweep perm gen total 37060K, used 22356K [0x42c00000, 0x45031000, 0x46c00000)
Event: 129.941 GC heap after
Heap after GC invocations=33 (full 14):
 par new generation   total 118016K, used 12273K [0x02c00000, 0x0ac00000, 0x0ac00000)
  eden space 104960K,   0% used [0x02c00000, 0x02c00000, 0x09280000)
  from space 13056K,  94% used [0x09280000, 0x09e7c568, 0x09f40000)
  to   space 13056K,   0% used [0x09f40000, 0x09f40000, 0x0ac00000)
 concurrent mark-sweep generation total 917504K, used 95748K [0x0ac00000, 0x42c00000, 0x42c00000)
 concurrent-mark-sweep perm gen total 37060K, used 22356K [0x42c00000, 0x45031000, 0x46c00000)
}
Event: 132.631 GC heap before
{Heap before GC invocations=33 (full 14):
 par new generation   total 118016K, used 109465K [0x02c00000, 0x0ac00000, 0x0ac00000)
  eden space 104960K,  92% used [0x02c00000, 0x08aea148, 0x09280000)
  from space 13056K,  94% used [0x09280000, 0x09e7c568, 0x09f40000)
  to   space 13056K,   0% used [0x09f40000, 0x09f40000, 0x0ac00000)
 concurrent mark-sweep generation total 917504K, used 95748K [0x0ac00000, 0x42c00000, 0x42c00000)
 concurrent-mark-sweep perm gen total 37060K, used 22359K [0x42c00000, 0x45031000, 0x46c00000)
Event: 132.643 GC heap after
Heap after GC invocations=34 (full 14):
 par new generation   total 118016K, used 12922K [0x02c00000, 0x0ac00000, 0x0ac00000)
  eden space 104960K,   0% used [0x02c00000, 0x02c00000, 0x09280000)
  from space 13056K,  98% used [0x09f40000, 0x0abdeb90, 0x0ac00000)
  to   space 13056K,   0% used [0x09280000, 0x09280000, 0x09f40000)
 concurrent mark-sweep generation total 917504K, used 98815K [0x0ac00000, 0x42c00000, 0x42c00000)
 concurrent-mark-sweep perm gen total 37060K, used 22359K [0x42c00000, 0x45031000, 0x46c00000)
}
Event: 135.314 GC heap before
{Heap before GC invocations=34 (full 14):
 par new generation   total 118016K, used 117882K [0x02c00000, 0x0ac00000, 0x0ac00000)
  eden space 104960K, 100% used [0x02c00000, 0x09280000, 0x09280000)
  from space 13056K,  98% used [0x09f40000, 0x0abdeb90, 0x0ac00000)
  to   space 13056K,   0% used [0x09280000, 0x09280000, 0x09f40000)
 concurrent mark-sweep generation total 917504K, used 98815K [0x0ac00000, 0x42c00000, 0x42c00000)
 concurrent-mark-sweep perm gen total 37060K, used 22367K [0x42c00000, 0x45031000, 0x46c00000)
Event: 135.328 GC heap after
Heap after GC invocations=35 (full 14):
 par new generation   total 118016K, used 13056K [0x02c00000, 0x0ac00000, 0x0ac00000)
  eden space 104960K,   0% used [0x02c00000, 0x02c00000, 0x09280000)
  from space 13056K, 100% used [0x09280000, 0x09f40000, 0x09f40000)
  to   space 13056K,   0% used [0x09f40000, 0x09f40000, 0x0ac00000)
 concurrent mark-sweep generation total 917504K, used 103503K [0x0ac00000, 0x42c00000, 0x42c00000)
 concurrent-mark-sweep perm gen total 37060K, used 22367K [0x42c00000, 0x45031000, 0x46c00000)
}

